<?xml version="1.0" encoding="UTF-8"?>
<!-- Generated by org.testng.reporters.JUnitXMLReporter -->
<testsuite ignored="0" hostname="DESKTOP-R3SH2VQ" failures="1" tests="1" name="miniprojectTest(failed)" time="56.434" errors="0" timestamp="21 Feb 2023 18:20:00 GMT">
  <testcase classname="com.miniproject.testcases.TC_AddNewCustomerPage" name="addnewcustomer" time="26.955">
    <failure type="java.lang.AssertionError" message="expected [true] but found [false]">
      <![CDATA[java.lang.AssertionError: expected [true] but found [false]
at com.miniproject.testcases.TC_AddNewCustomerPage.addnewcustomer(TC_AddNewCustomerPage.java:49)
... Removed 29 stack frames]]>
    </failure>
  </testcase> <!-- addnewcustomer -->
</testsuite> <!-- miniprojectTest(failed) -->
